<?xml version="1.0" encoding="UTF-8"?>
<!-- Generated by org.testng.reporters.JUnitXMLReporter -->
<testsuite ignored="0" hostname="DESKTOP-3GP703F" failures="1" tests="1" name="Test" time="2.572" errors="0" timestamp="2022-08-19T19:32:36 IST">
  <testcase classname="Basics.browsertesting" name="test" time="2.54">
    <failure type="org.openqa.selenium.SessionNotCreatedException" message="session not created: This version of ChromeDriver only supports Chrome version 88
Current browser version is 104.0.5112.81 with binary path C:\Program Files (x86)\Google\Chrome\Application\chrome.exe
Build info: version: &amp;apos;3.141.59&amp;apos;, revision: &amp;apos;e82be7d358&amp;apos;, time: &amp;apos;2018-11-14T08:25:53&amp;apos;
System info: host: &amp;apos;DESKTOP-3GP703F&amp;apos;, ip: &amp;apos;192.168.130.53&amp;apos;, os.name: &amp;apos;Windows 10&amp;apos;, os.arch: &amp;apos;amd64&amp;apos;, os.version: &amp;apos;10.0&amp;apos;, java.version: &amp;apos;13.0.2&amp;apos;
Driver info: driver.version: ChromeDriver
remote stacktrace: Backtrace:
	GetHandleVerifier [0x0016B963+483]
	GetHandleVerifier [0x0016B941+449]
	GetHandleVerifier [0x00513308+3832712]
	GetHandleVerifier [0x0052D69A+3940122]
	GetHandleVerifier [0x00529AFB+3924859]
	GetHandleVerifier [0x00527D9C+3917340]
	GetHandleVerifier [0x0054E7FE+4075646]
	GetHandleVerifier [0x0054E56C+4074988]
	GetHandleVerifier [0x0054B2EB+4062059]
	GetHandleVerifier [0x0052ED14+3945876]
	GetHandleVerifier [0x0052FBCE+3949646]
	GetHandleVerifier [0x0052FB59+3949529]
	Ordinal0 [0x0012B5CC+46540]
	Ordinal0 [0x00129F53+40787]
	Ordinal0 [0x00129B12+39698]
	GetHandleVerifier [0x00431468+2907368]
	GetHandleVerifier [0x002771EE+1096302]
	GetHandleVerifier [0x00233E8D+821005]
	GetHandleVerifier [0x0023396B+819691]
	GetHandleVerifier [0x00233881+819457]
	GetHandleVerifier [0x0025F463+998627]
	BaseThreadInitThunk [0x765EFA29+25]
	RtlGetAppContainerNamedObjectPath [0x77CC7A9E+286]
	RtlGetAppContainerNamedObjectPath [0x77CC7A6E+238]
">
      <![CDATA[org.openqa.selenium.SessionNotCreatedException: session not created: This version of ChromeDriver only supports Chrome version 88
Current browser version is 104.0.5112.81 with binary path C:\Program Files (x86)\Google\Chrome\Application\chrome.exe
Build info: version: '3.141.59', revision: 'e82be7d358', time: '2018-11-14T08:25:53'
System info: host: 'DESKTOP-3GP703F', ip: '192.168.130.53', os.name: 'Windows 10', os.arch: 'amd64', os.version: '10.0', java.version: '13.0.2'
Driver info: driver.version: ChromeDriver
remote stacktrace: Backtrace:
GetHandleVerifier [0x0016B963+483]
GetHandleVerifier [0x0016B941+449]
GetHandleVerifier [0x00513308+3832712]
GetHandleVerifier [0x0052D69A+3940122]
GetHandleVerifier [0x00529AFB+3924859]
GetHandleVerifier [0x00527D9C+3917340]
GetHandleVerifier [0x0054E7FE+4075646]
GetHandleVerifier [0x0054E56C+4074988]
GetHandleVerifier [0x0054B2EB+4062059]
GetHandleVerifier [0x0052ED14+3945876]
GetHandleVerifier [0x0052FBCE+3949646]
GetHandleVerifier [0x0052FB59+3949529]
Ordinal0 [0x0012B5CC+46540]
Ordinal0 [0x00129F53+40787]
Ordinal0 [0x00129B12+39698]
GetHandleVerifier [0x00431468+2907368]
GetHandleVerifier [0x002771EE+1096302]
GetHandleVerifier [0x00233E8D+821005]
GetHandleVerifier [0x0023396B+819691]
GetHandleVerifier [0x00233881+819457]
GetHandleVerifier [0x0025F463+998627]
BaseThreadInitThunk [0x765EFA29+25]
RtlGetAppContainerNamedObjectPath [0x77CC7A9E+286]
RtlGetAppContainerNamedObjectPath [0x77CC7A6E+238]

at org.openqa.selenium.remote.W3CHandshakeResponse.lambda$errorHandler$0(W3CHandshakeResponse.java:62)
at org.openqa.selenium.remote.HandshakeResponse.lambda$getResponseFunction$0(HandshakeResponse.java:30)
at org.openqa.selenium.remote.ProtocolHandshake.lambda$createSession$0(ProtocolHandshake.java:126)
at java.base/java.util.stream.ReferencePipeline$3$1.accept(ReferencePipeline.java:195)
at java.base/java.util.Spliterators$ArraySpliterator.tryAdvance(Spliterators.java:958)
at java.base/java.util.stream.ReferencePipeline.forEachWithCancel(ReferencePipeline.java:127)
at java.base/java.util.stream.AbstractPipeline.copyIntoWithCancel(AbstractPipeline.java:502)
at java.base/java.util.stream.AbstractPipeline.copyInto(AbstractPipeline.java:488)
at java.base/java.util.stream.AbstractPipeline.wrapAndCopyInto(AbstractPipeline.java:474)
at java.base/java.util.stream.FindOps$FindOp.evaluateSequential(FindOps.java:150)
at java.base/java.util.stream.AbstractPipeline.evaluate(AbstractPipeline.java:234)
at java.base/java.util.stream.ReferencePipeline.findFirst(ReferencePipeline.java:543)
at org.openqa.selenium.remote.ProtocolHandshake.createSession(ProtocolHandshake.java:128)
at org.openqa.selenium.remote.ProtocolHandshake.createSession(ProtocolHandshake.java:74)
at org.openqa.selenium.remote.HttpCommandExecutor.execute(HttpCommandExecutor.java:136)
at org.openqa.selenium.remote.service.DriverCommandExecutor.execute(DriverCommandExecutor.java:83)
at org.openqa.selenium.remote.RemoteWebDriver.execute(RemoteWebDriver.java:552)
at org.openqa.selenium.remote.RemoteWebDriver.startSession(RemoteWebDriver.java:213)
at org.openqa.selenium.remote.RemoteWebDriver.<init>(RemoteWebDriver.java:131)
at org.openqa.selenium.chrome.ChromeDriver.<init>(ChromeDriver.java:181)
at org.openqa.selenium.chrome.ChromeDriver.<init>(ChromeDriver.java:168)
at org.openqa.selenium.chrome.ChromeDriver.<init>(ChromeDriver.java:123)
at Basics.browsertesting.test(browsertesting.java:19)
at java.base/java.util.ArrayList.forEach(ArrayList.java:1507)
... Removed 32 stack frames]]>
    </failure>
  </testcase> <!-- test -->
</testsuite> <!-- Test -->
